build/app/intermediates/manifest_merge_blame_file/release/manifest-merger-blame-release-report.txt
1<?xml version="1.0" encoding="utf-8"?>
2<manifest xmlns:android="http://schemas.android.com/apk/res/android"
3    package="com.example.notivue"
4    android:versionCode="1"
5    android:versionName="1.0.0" >
6
7    <uses-sdk
8        android:minSdkVersion="21"
8-->src\main\AndroidManifest.xml
9        android:targetSdkVersion="34" />
9-->src\main\AndroidManifest.xml
10    <!-- Required to fetch data from the internet. -->
11    <uses-permission android:name="android.permission.INTERNET" />
11-->src\main\AndroidManifest.xml:4:5-67
11-->src\main\AndroidManifest.xml:4:22-64
12    <!--
13         Required to query activities that can process text, see:
14         https://developer.android.com/training/package-visibility and
15         https://developer.android.com/reference/android/content/Intent#ACTION_PROCESS_TEXT.
16
17         In particular, this is used by the Flutter engine in io.flutter.plugin.text.ProcessTextPlugin.
18    -->
19    <queries>
19-->src\main\AndroidManifest.xml:42:5-47:15
20        <intent>
20-->src\main\AndroidManifest.xml:43:9-46:18
21            <action android:name="android.intent.action.PROCESS_TEXT" />
21-->src\main\AndroidManifest.xml:44:13-72
21-->src\main\AndroidManifest.xml:44:21-70
22
23            <data android:mimeType="text/plain" />
23-->src\main\AndroidManifest.xml:45:13-50
23-->src\main\AndroidManifest.xml:45:19-48
24        </intent>
25    </queries>
26
27    <permission
27-->[androidx.core:core:1.13.1] AndroidManifest.xml:22:5-24:47
28        android:name="com.example.notivue.DYNAMIC_RECEIVER_NOT_EXPORTED_PERMISSION"
28-->[androidx.core:core:1.13.1] AndroidManifest.xml:23:9-81
29        android:protectionLevel="signature" />
29-->[androidx.core:core:1.13.1] AndroidManifest.xml:24:9-44
30
31    <uses-permission android:name="com.example.notivue.DYNAMIC_RECEIVER_NOT_EXPORTED_PERMISSION" />
31-->[androidx.core:core:1.13.1] AndroidManifest.xml:26:5-97
31-->[androidx.core:core:1.13.1] AndroidManifest.xml:26:22-94
32
33    <application
34        android:name="android.app.Application"
34-->src\main\AndroidManifest.xml:7:9-42
35        android:appComponentFactory="androidx.core.app.CoreComponentFactory"
35-->[androidx.core:core:1.13.1] AndroidManifest.xml:28:18-86
36        android:icon="@mipmap/launcher_icon"
36-->src\main\AndroidManifest.xml:8:9-45
37        android:label="notivue" >
37-->src\main\AndroidManifest.xml:6:9-32
38        <activity
38-->src\main\AndroidManifest.xml:9:9-30:20
39            android:name="com.example.notivue.MainActivity"
39-->src\main\AndroidManifest.xml:10:13-41
40            android:configChanges="orientation|keyboardHidden|keyboard|screenSize|smallestScreenSize|locale|layoutDirection|fontScale|screenLayout|density|uiMode"
40-->src\main\AndroidManifest.xml:15:13-163
41            android:exported="true"
41-->src\main\AndroidManifest.xml:11:13-36
42            android:hardwareAccelerated="true"
42-->src\main\AndroidManifest.xml:16:13-47
43            android:launchMode="singleTop"
43-->src\main\AndroidManifest.xml:12:13-43
44            android:taskAffinity=""
44-->src\main\AndroidManifest.xml:13:13-36
45            android:theme="@style/LaunchTheme"
45-->src\main\AndroidManifest.xml:14:13-47
46            android:windowSoftInputMode="adjustResize" >
46-->src\main\AndroidManifest.xml:17:13-55
47
48            <!--
49                 Specifies an Android theme to apply to this Activity as soon as
50                 the Android process has started. This theme is visible to the user
51                 while the Flutter UI initializes. After that, this theme continues
52                 to determine the Window background behind the Flutter UI.
53            -->
54            <meta-data
54-->src\main\AndroidManifest.xml:22:13-25:17
55                android:name="io.flutter.embedding.android.NormalTheme"
55-->src\main\AndroidManifest.xml:23:15-70
56                android:resource="@style/NormalTheme" />
56-->src\main\AndroidManifest.xml:24:15-52
57
58            <intent-filter>
58-->src\main\AndroidManifest.xml:26:13-29:29
59                <action android:name="android.intent.action.MAIN" />
59-->src\main\AndroidManifest.xml:27:17-68
59-->src\main\AndroidManifest.xml:27:25-66
60
61                <category android:name="android.intent.category.LAUNCHER" />
61-->src\main\AndroidManifest.xml:28:17-76
61-->src\main\AndroidManifest.xml:28:27-74
62            </intent-filter>
63        </activity>
64        <!--
65             Don't delete the meta-data below.
66             This is used by the Flutter tool to generate GeneratedPluginRegistrant.java
67        -->
68        <meta-data
68-->src\main\AndroidManifest.xml:33:9-35:33
69            android:name="flutterEmbedding"
69-->src\main\AndroidManifest.xml:34:13-44
70            android:value="2" />
70-->src\main\AndroidManifest.xml:35:13-30
71
72        <activity
72-->[:url_launcher_android] AndroidManifest.xml:10:9-13:74
73            android:name="io.flutter.plugins.urllauncher.WebViewActivity"
73-->[:url_launcher_android] AndroidManifest.xml:11:13-74
74            android:exported="false"
74-->[:url_launcher_android] AndroidManifest.xml:12:13-37
75            android:theme="@android:style/Theme.NoTitleBar.Fullscreen" />
75-->[:url_launcher_android] AndroidManifest.xml:13:13-71
76
77        <uses-library
77-->[androidx.window:window:1.0.0-beta04] AndroidManifest.xml:25:9-27:40
78            android:name="androidx.window.extensions"
78-->[androidx.window:window:1.0.0-beta04] AndroidManifest.xml:26:13-54
79            android:required="false" />
79-->[androidx.window:window:1.0.0-beta04] AndroidManifest.xml:27:13-37
80        <uses-library
80-->[androidx.window:window:1.0.0-beta04] AndroidManifest.xml:28:9-30:40
81            android:name="androidx.window.sidecar"
81-->[androidx.window:window:1.0.0-beta04] AndroidManifest.xml:29:13-51
82            android:required="false" />
82-->[androidx.window:window:1.0.0-beta04] AndroidManifest.xml:30:13-37
83
84        <provider
84-->[androidx.profileinstaller:profileinstaller:1.3.0] AndroidManifest.xml:24:9-32:20
85            android:name="androidx.startup.InitializationProvider"
85-->[androidx.profileinstaller:profileinstaller:1.3.0] AndroidManifest.xml:25:13-67
86            android:authorities="com.example.notivue.androidx-startup"
86-->[androidx.profileinstaller:profileinstaller:1.3.0] AndroidManifest.xml:26:13-68
87            android:exported="false" >
87-->[androidx.profileinstaller:profileinstaller:1.3.0] AndroidManifest.xml:27:13-37
88            <meta-data
88-->[androidx.profileinstaller:profileinstaller:1.3.0] AndroidManifest.xml:29:13-31:52
89                android:name="androidx.profileinstaller.ProfileInstallerInitializer"
89-->[androidx.profileinstaller:profileinstaller:1.3.0] AndroidManifest.xml:30:17-85
90                android:value="androidx.startup" />
90-->[androidx.profileinstaller:profileinstaller:1.3.0] AndroidManifest.xml:31:17-49
91        </provider>
92
93        <receiver
93-->[androidx.profileinstaller:profileinstaller:1.3.0] AndroidManifest.xml:34:9-52:20
94            android:name="androidx.profileinstaller.ProfileInstallReceiver"
94-->[androidx.profileinstaller:profileinstaller:1.3.0] AndroidManifest.xml:35:13-76
95            android:directBootAware="false"
95-->[androidx.profileinstaller:profileinstaller:1.3.0] AndroidManifest.xml:36:13-44
96            android:enabled="true"
96-->[androidx.profileinstaller:profileinstaller:1.3.0] AndroidManifest.xml:37:13-35
97            android:exported="true"
97-->[androidx.profileinstaller:profileinstaller:1.3.0] AndroidManifest.xml:38:13-36
98            android:permission="android.permission.DUMP" >
98-->[androidx.profileinstaller:profileinstaller:1.3.0] AndroidManifest.xml:39:13-57
99            <intent-filter>
99-->[androidx.profileinstaller:profileinstaller:1.3.0] AndroidManifest.xml:40:13-42:29
100                <action android:name="androidx.profileinstaller.action.INSTALL_PROFILE" />
100-->[androidx.profileinstaller:profileinstaller:1.3.0] AndroidManifest.xml:41:17-91
100-->[androidx.profileinstaller:profileinstaller:1.3.0] AndroidManifest.xml:41:25-88
101            </intent-filter>
102            <intent-filter>
102-->[androidx.profileinstaller:profileinstaller:1.3.0] AndroidManifest.xml:43:13-45:29
103                <action android:name="androidx.profileinstaller.action.SKIP_FILE" />
103-->[androidx.profileinstaller:profileinstaller:1.3.0] AndroidManifest.xml:44:17-85
103-->[androidx.profileinstaller:profileinstaller:1.3.0] AndroidManifest.xml:44:25-82
104            </intent-filter>
105            <intent-filter>
105-->[androidx.profileinstaller:profileinstaller:1.3.0] AndroidManifest.xml:46:13-48:29
106                <action android:name="androidx.profileinstaller.action.SAVE_PROFILE" />
106-->[androidx.profileinstaller:profileinstaller:1.3.0] AndroidManifest.xml:47:17-88
106-->[androidx.profileinstaller:profileinstaller:1.3.0] AndroidManifest.xml:47:25-85
107            </intent-filter>
108            <intent-filter>
108-->[androidx.profileinstaller:profileinstaller:1.3.0] AndroidManifest.xml:49:13-51:29
109                <action android:name="androidx.profileinstaller.action.BENCHMARK_OPERATION" />
109-->[androidx.profileinstaller:profileinstaller:1.3.0] AndroidManifest.xml:50:17-95
109-->[androidx.profileinstaller:profileinstaller:1.3.0] AndroidManifest.xml:50:25-92
110            </intent-filter>
111        </receiver>
112    </application>
113
114</manifest>